<testsuite name="Mocha Tests" tests="9" failures="0" errors="0" skipped="0" timestamp="Fri, 20 Jan 2023 01:51:59 GMT" time="0.031">
<testcase classname="converter.translateConverter" name="Simple numbers" time="0.002"/>
<testcase classname="converter.translateConverter" name="Numbers 11 =&#x3E; 29 " time="0.002"/>
<testcase classname="converter.translateConverter" name="*nty numbers round" time="0.001"/>
<testcase classname="converter.translateConverter" name="nty numbers with units" time="0.001"/>
<testcase classname="converter.translateConverter" name="Hundreded numbers" time="0.001"/>
<testcase classname="converter.translateConverter" name="Hundred numbers" time="0.001"/>
<testcase classname="LowerCaseTransform" name="Transform" time="0"/>
<testcase classname="TitleCaseTransform" name="Transform" time="0"/>
<testcase classname="UpperCaseTransform" name="Transform" time="0"/>
</testsuite>
