<testsuite name="Mocha Tests" tests="16" failures="0" errors="0" skipped="0" timestamp="Fri, 20 Jan 2023 03:59:41 GMT" time="0.034">
<testcase classname="converter.translateConverter" name="Simple numbers" time="0.002"/>
<testcase classname="converter.translateConverter" name="Numbers 11 =&#x3E; 29 " time="0.002"/>
<testcase classname="converter.translateConverter" name="Numbers 11 =&#x3E; 29 con sufijo" time="0.002"/>
<testcase classname="converter.translateConverter" name="Numbers 11 =&#x3E; 29 con sufijo femenino" time="0.001"/>
<testcase classname="converter.translateConverter" name="Simple numbers fem" time="0.001"/>
<testcase classname="converter.translateConverter" name="*nty numbers round" time="0.002"/>
<testcase classname="converter.translateConverter" name="nty numbers with units" time="0.001"/>
<testcase classname="converter.translateConverter" name="Hundreded numbers" time="0"/>
<testcase classname="converter.translateConverter" name="Hundred numbers" time="0.001"/>
<testcase classname="converter.translateConverter" name="Thousand numbers rounded" time="0.001"/>
<testcase classname="converter.translateConverter" name="Thousand numbers" time="0"/>
<testcase classname="converter.translateConverter" name="Millions rounded" time="0"/>
<testcase classname="converter.translateConverter" name="Others numbers" time="0.001"/>
<testcase classname="LowerCaseTransform" name="Transform" time="0.001"/>
<testcase classname="TitleCaseTransform" name="Transform" time="0"/>
<testcase classname="UpperCaseTransform" name="Transform" time="0.001"/>
</testsuite>
