<testsuite name="Mocha Tests" tests="6" failures="0" errors="3" skipped="0" timestamp="Thu, 19 Jan 2023 23:52:59 GMT" time="0.021">
<testcase classname="converter.translateConverter" name="Simple numbers" time="0.001"><failure>expected undefined to equal &#x27;Uno&#x27;
AssertionError: expected undefined to equal &#x27;Uno&#x27;
    at Context.&#x3C;anonymous&#x3E; (test\num-to-text-es.spec.ts:18:36)
    at processImmediate (node:internal/timers:466:21)</failure></testcase>
<testcase classname="converter.translateConverter" name="Numbers 11 =&#x3E; 19 " time="0.001"><failure>expected undefined to equal &#x27;Once&#x27;
AssertionError: expected undefined to equal &#x27;Once&#x27;
    at Context.&#x3C;anonymous&#x3E; (test\num-to-text-es.spec.ts:31:37)
    at processImmediate (node:internal/timers:466:21)</failure></testcase>
<testcase classname="converter.translateConverter" name="*nty numbers" time="0"><failure>expected undefined to equal &#x27;Veinte&#x27;
AssertionError: expected undefined to equal &#x27;Veinte&#x27;
    at Context.&#x3C;anonymous&#x3E; (test\num-to-text-es.spec.ts:43:37)
    at processImmediate (node:internal/timers:466:21)</failure></testcase>
<testcase classname="LowerCaseTransform" name="Transform" time="0"/>
<testcase classname="TitleCaseTransform" name="Transform" time="0"/>
<testcase classname="UpperCaseTransform" name="Transform" time="0"/>
</testsuite>
